<?xml version="1.0" encoding="utf-8"?><testsuites name="pytest tests"><testsuite name="pytest" errors="0" failures="0" skipped="0" tests="69" time="4.903" timestamp="2025-08-21T09:42:29.813574+03:00" hostname="adisa-mbp.waves.com"><testcase classname="tests.cli.test_cli.TestCLI" name="test_jobsim_help" time="0.243" /><testcase classname="tests.cli.test_cli.TestCLI" name="test_jobgen_help" time="0.247" /><testcase classname="tests.cli.test_cli.TestCLI" name="test_sim_config_help" time="0.271" /><testcase classname="tests.cli.test_cli.TestCLI" name="test_jobsim_invalid_duration" time="0.288" /><testcase classname="tests.cli.test_cli.TestCLI" name="test_jobsim_valid_duration" time="0.291" /><testcase classname="tests.cli.test_cli.TestCLI" name="test_jobgen_valid_duration" time="0.253" /><testcase classname="tests.cli.test_cli.TestCLI" name="test_jobgen_with_config" time="0.318" /><testcase classname="tests.cli.test_cli.TestCLI" name="test_jobsim_with_scenario" time="0.260" /><testcase classname="tests.cli.test_cli.TestCLI" name="test_jobsim_with_debug" time="0.297" /><testcase classname="tests.cli.test_cli.TestCLI" name="test_sim_config_print" time="0.264" /><testcase classname="tests.cli.test_cli.TestCLI" name="test_sim_config_save_load" time="0.599" /><testcase classname="tests.cli.test_cli.TestCLI" name="test_cli_error_handling" time="0.280" /><testcase classname="tests.cli.test_cli.TestCLI" name="test_cli_timeout_handling" time="0.286" /><testcase classname="tests.cli.test_cli.TestCLI" name="test_cli_stdin_stdout" time="0.545" /><testcase classname="tests.e2e.test_simulation.TestSimulationE2E" name="test_basic_simulation_run" time="0.001" /><testcase classname="tests.e2e.test_simulation.TestSimulationE2E" name="test_scenario_file_simulation" time="0.012" /><testcase classname="tests.e2e.test_simulation.TestSimulationE2E" name="test_empty_simulation" time="0.001" /><testcase classname="tests.e2e.test_simulation.TestSimulationE2E" name="test_single_job_simulation" time="0.001" /><testcase classname="tests.e2e.test_simulation.TestSimulationE2E" name="test_high_load_simulation" time="0.001" /><testcase classname="tests.e2e.test_simulation.TestSimulationE2E" name="test_simulation_with_worker_shortage" time="0.001" /><testcase classname="tests.e2e.test_simulation.TestSimulationE2E" name="test_simulation_statistics" time="0.002" /><testcase classname="tests.e2e.test_simulation.TestSimulationE2E" name="test_simulation_run_naming" time="0.001" /><testcase classname="tests.e2e.test_simulation.TestSimulationE2E" name="test_simulation_error_handling" time="0.001" /><testcase classname="tests.e2e.test_simulation.TestSimulationE2E" name="test_simulation_consistency" time="0.001" /><testcase classname="tests.integration.test_worker_pool.TestWorkerPoolIntegration" name="test_worker_pool_with_simulation_config" time="0.001" /><testcase classname="tests.integration.test_worker_pool.TestWorkerPoolIntegration" name="test_worker_lifecycle_integration" time="0.001" /><testcase classname="tests.integration.test_worker_pool.TestWorkerPoolIntegration" name="test_worker_pool_priority_behavior" time="0.001" /><testcase classname="tests.integration.test_worker_pool.TestWorkerPoolIntegration" name="test_worker_pool_edge_cases" time="0.001" /><testcase classname="tests.integration.test_worker_pool.TestWorkerPoolIntegration" name="test_worker_pool_concurrent_access" time="0.001" /><testcase classname="tests.integration.test_worker_pool.TestWorkerPoolIntegration" name="test_worker_pool_memory_management" time="0.002" /><testcase classname="tests.performance.test_scalability.TestPerformance" name="test_large_simulation_performance" time="0.003" /><testcase classname="tests.performance.test_scalability.TestPerformance" name="test_memory_usage" time="0.005" /><testcase classname="tests.performance.test_scalability.TestPerformance" name="test_event_queue_performance" time="0.062" /><testcase classname="tests.performance.test_scalability.TestPerformance" name="test_worker_pool_scalability" time="0.001" /><testcase classname="tests.performance.test_scalability.TestPerformance" name="test_job_generation_performance" time="0.001" /><testcase classname="tests.performance.test_scalability.TestPerformance" name="test_simulation_scalability" time="0.003" /><testcase classname="tests.performance.test_scalability.TestPerformance" name="test_memory_leak_detection" time="0.002" /><testcase classname="tests.performance.test_scalability.TestPerformance" name="test_cpu_usage" time="0.001" /><testcase classname="tests.unit.test_event_queue.TestEventQueue" name="test_event_queue_creation" time="0.000" /><testcase classname="tests.unit.test_event_queue.TestEventQueue" name="test_event_queue_ordering" time="0.000" /><testcase classname="tests.unit.test_event_queue.TestEventQueue" name="test_event_queue_empty" time="0.000" /><testcase classname="tests.unit.test_event_queue.TestEventQueue" name="test_event_queue_duplicate_timestamps" time="0.000" /><testcase classname="tests.unit.test_event_queue.TestEventQueue" name="test_event_queue_mixed_event_types" time="0.000" /><testcase classname="tests.unit.test_event_queue.TestEventQueue" name="test_event_queue_peek_behavior" time="0.000" /><testcase classname="tests.unit.test_event_queue.TestEventQueue" name="test_event_queue_large_number_of_events" time="0.007" /><testcase classname="tests.unit.test_event_queue.TestEventQueue" name="test_event_queue_edge_timestamps" time="0.000" /><testcase classname="tests.unit.test_jobs.TestJob" name="test_job_creation" time="0.000" /><testcase classname="tests.unit.test_jobs.TestJob" name="test_job_server_assignment" time="0.000" /><testcase classname="tests.unit.test_jobs.TestJob" name="test_job_execution_duration" time="0.000" /><testcase classname="tests.unit.test_jobs.TestJob" name="test_job_representation" time="0.000" /><testcase classname="tests.unit.test_jobs.TestJob" name="test_job_to_dict" time="0.000" /><testcase classname="tests.unit.test_jobs.TestJob" name="test_job_to_json" time="0.000" /><testcase classname="tests.unit.test_jobs.TestJob" name="test_job_default_values" time="0.000" /><testcase classname="tests.unit.test_jobs.TestJob" name="test_job_id_uniqueness" time="0.000" /><testcase classname="tests.unit.test_jobs.TestJob" name="test_job_type_validation" time="0.000" /><testcase classname="tests.unit.test_jobs.TestJob" name="test_job_user_type_validation" time="0.000" /><testcase classname="tests.unit.test_jobs.TestJob" name="test_job_timestamp_handling" time="0.000" /><testcase classname="tests.unit.test_jobs.TestJob" name="test_job_server_reassignment" time="0.000" /><testcase classname="tests.unit.test_jobs.TestJob" name="test_job_edge_cases" time="0.000" /><testcase classname="tests.unit.test_workers.TestWorker" name="test_worker_creation" time="0.001" /><testcase classname="tests.unit.test_workers.TestWorker" name="test_worker_status_transitions" time="0.000" /><testcase classname="tests.unit.test_workers.TestWorker" name="test_worker_pool_properties" time="0.000" /><testcase classname="tests.unit.test_workers.TestWorker" name="test_worker_representation" time="0.000" /><testcase classname="tests.unit.test_workers.TestWorker" name="test_worker_to_dict" time="0.000" /><testcase classname="tests.unit.test_workers.TestWorkerPool" name="test_worker_pool_initialization" time="0.001" /><testcase classname="tests.unit.test_workers.TestWorkerPool" name="test_worker_pool_priority_ordering" time="0.000" /><testcase classname="tests.unit.test_workers.TestWorkerPool" name="test_worker_allocation_priority" time="0.000" /><testcase classname="tests.unit.test_workers.TestWorkerPool" name="test_worker_pool_empty_config" time="0.000" /><testcase classname="tests.unit.test_workers.TestWorkerPool" name="test_worker_pool_allocate_ready_worker" time="0.000" /></testsuite></testsuites>